<?xml version="1.0" encoding="UTF-8"?>
<!-- Generated by org.testng.reporters.JUnitReportReporter -->
<testsuite hostname="6c4008972a4e" name="com.javawebdriver.suiteA.AddProductTest" tests="1" failures="0" timestamp="14 Jul 2015 04:28:17 GMT" time="7.088" errors="0">
  <testcase name="addProductToBasket" time="7.088" classname="com.javawebdriver.suiteA.AddProductTest"/>
</testsuite> <!-- com.javawebdriver.suiteA.AddProductTest -->
